/home/charmm-gui/www/../data/www/1387729288/ppm_6627b19bba337.pdb               
heteroatoms excluded
atom not in library: CAY  A LEU     1
atom not in library: CY   A LEU     1
atom not in library: OY   A LEU     1
atom not in library: NT   A LYS   571
atom not in library: CAT  A LYS   571
Initial optimiz. in hydrocarbon slab with approximate energy functions:
emin=  -123.0 slab thickn.=    27.0
   13 possible transmembrane secondary structure segments
   1 A   25   54  30
   2 A   60   82  23
   3 A  109  140  32
   4 A  141  170  30
   5 A  242  267  26
   6 A  275  298  24
   7 A  330  364  35
   8 A  371  388  18
   9 A  399  407   9
  10 A  429  447  19
  11 A  454  474  21
  12 A  499  524  26
  13 A  525  546  22
Possible transmembrane protein, checking... 
N interact. lipids:  42
#/hom;A; 13;1-3,5,8-9,16,19-20,23-50,58-98,109,112-136,139-167,243-265,271,275,277-300,302-307,311,320-322,324,332-359,370-407,428-472,474-475,478-479,481,505-539,541
A  25  50    35.   -5.9
A  60  82    13.   -6.6
A 112 136    11.  -10.3
A 142 167    36.   -1.5
A 244 265    16.   -9.3
A 277 298    19.   -8.8
A 332 359    41.  -11.8
A 371 388    10.   -5.7
A 399 407    43.    0.0
A 429 447    22.   -8.8
A 454 472    30.    1.4
A 506 524    20.  -13.4
A 525 539    18.  -10.6
TMH contribution:   -91.2
Tilt angle:    1.6
/home/char emin=  -105.1 thickn= 31.0+- 0.6 tilt=     2.+-    1.
